0 silly argv { _: [ 'version' ],
0 silly argv   'force-publish': 'package1',
0 silly argv   forcePublish: 'package1',
0 silly argv   lernaVersion: '3.20.2',
0 silly argv   '$0': 'node_modules\\lerna\\cli.js' }
1 notice cli v3.20.2
2 verbose rootPath C:\Users\Egor\IdeaProjects\lerna-patch-test
3 info versioning independent
4 silly isAnythingCommitted
5 verbose isAnythingCommitted 1
6 silly currentBranch
7 verbose currentBranch master
8 silly remoteBranchExists
9 silly isBehindUpstream
10 silly isBehindUpstream master is behind origin/master by 0 commit(s) and ahead by 2
11 silly hasTags
12 verbose hasTags true
13 silly git-describe.sync "package1@0.1.3-0-gc53319c-dirty" => {"lastTagName":"package1@0.1.3","lastVersion":"0.1.3","refCount":"0","sha":"c53319c","isDirty":true}
14 warn force-publish package1
15 info Looking for changed packages since package1@0.1.3
16 silly checking diff packages/package2
17 silly no diff found in package2
18 verbose updated package1
19 verbose updated package2
20 info execute Skipping releases
21 silly lifecycle No script for "preversion" in "lerna-patch-test", continuing
22 silly lifecycle No script for "preversion" in "package1", continuing
23 silly lifecycle No script for "version" in "package1", continuing
24 silly lifecycle No script for "preversion" in "package2", continuing
25 silly lifecycle No script for "version" in "package2", continuing
26 silly lifecycle No script for "version" in "lerna-patch-test", continuing
27 silly gitAdd [ 'C:\\Users\\Egor\\IdeaProjects\\lerna-patch-test\\packages\\package1\\package.json',
27 silly gitAdd   'C:\\Users\\Egor\\IdeaProjects\\lerna-patch-test\\packages\\package2\\package.json' ]
28 silly gitCommit Publish
28 silly gitCommit
28 silly gitCommit  - package1@0.1.4
28 silly gitCommit  - package2@0.1.2
29 verbose git [ 'commit',
29 verbose git   '-F',
29 verbose git   'C:\\Users\\Egor\\AppData\\Local\\Temp\\1b49ccc9-d2f7-4c94-b4af-bee707ab2f4d\\lerna-commit.txt' ]
30 silly gitTag package1@0.1.4
31 verbose git [ 'tag', 'package1@0.1.4', '-m', 'package1@0.1.4' ]
32 silly gitTag package2@0.1.2
33 verbose git [ 'tag', 'package2@0.1.2', '-m', 'package2@0.1.2' ]
34 error Error: Command failed: git tag package2@0.1.2 -m package2@0.1.2
34 error fatal: tag 'package2@0.1.2' already exists
34 error
34 error     at makeError (C:\Users\Egor\IdeaProjects\lerna-patch-test\node_modules\execa\index.js:174:9)
34 error     at Promise.all.then.arr (C:\Users\Egor\IdeaProjects\lerna-patch-test\node_modules\execa\index.js:278:16)
